0 info it worked if it ends with ok
1 verbose cli [ 'C:\\Users\\Arthur Kaul\\.webclipse\\nodejs\\7.9.0\\node.exe',
1 verbose cli   'C:\\Users\\Arthur Kaul\\.webclipse\\npm\\3.10.10\\bin\\npm-cli.js',
1 verbose cli   'start' ]
2 info using npm@3.10.10
3 info using node@v7.9.0
4 verbose run-script [ 'prestart', 'start', 'poststart' ]
5 info lifecycle ArchRef@0.0.0~prestart: ArchRef@0.0.0
6 silly lifecycle ArchRef@0.0.0~prestart: no script for prestart, continuing
7 info lifecycle ArchRef@0.0.0~start: ArchRef@0.0.0
8 verbose lifecycle ArchRef@0.0.0~start: unsafe-perm in lifecycle true
9 verbose lifecycle ArchRef@0.0.0~start: PATH: C:\Users\Arthur Kaul\.webclipse\npm\3.10.10\bin\node-gyp-bin;C:\Users\Arthur Kaul\git\archref\ArchRefClient\ArchRefClient\node_modules\.bin;C:\Users\Arthur Kaul\.webclipse\npm\3.10.10\bin;C:\Users\Arthur Kaul\git\archref\ArchRefClient\ArchRefClient\node_modules\angular-ide\bin;C:\Users\Arthur Kaul\git\archref\ArchRefClient\ArchRefClient\node_modules\.bin;C:\Users\Arthur Kaul\.webclipse\nodejs\7.9.0;C:\Users\Arthur Kaul\bin;C:\Users\Arthur Kaul\.webclipse\git-bash\mingw64\bin;C:\Users\Arthur Kaul\.webclipse\git-bash\usr\local\bin;C:\Users\Arthur Kaul\.webclipse\git-bash\usr\bin;C:\Users\Arthur Kaul\.webclipse\git-bash\usr\bin;C:\Users\Arthur Kaul\.webclipse\git-bash\mingw64\bin;C:\Users\Arthur Kaul\.webclipse\git-bash\usr\bin;C:\Users\Arthur Kaul\bin;C:\Program Files\Java\jre1.8.0_131\bin\server;C:\Program Files\Java\jre1.8.0_131\bin;C:\Program Files\Java\jre1.8.0_131\lib\amd64;C:\ProgramData\Oracle\Java\javapath;C:\Program Files (x86)\Intel\iCLS Client;C:\Program Files\Intel\iCLS Client;C:\WINDOWS\system32;C:\WINDOWS;C:\WINDOWS\System32\Wbem;C:\WINDOWS\System32\WindowsPowerShell\v1.0;C:\Program Files (x86)\Intel\Intel(R) Management Engine Components\DAL;C:\Program Files\Intel\Intel(R) Management Engine Components\DAL;C:\Program Files (x86)\Intel\Intel(R) Management Engine Components\IPT;C:\Program Files\Intel\Intel(R) Management Engine Components\IPT;C:\Program Files\MiKTeX 2.9\miktex\bin\x64;C:\Program Files (x86)\Skype\Phone;C:\Users\Arthur Kaul\AppData\Local\Microsoft\WindowsApps;C:\texlive\2017\bin\win32;C:\Users\Arthur Kaul\Downloads\eclipse-jee-oxygen-1a-win32-x86_64\eclipse;C:\Users\Arthur Kaul\.webclipse\git-bash\usr\bin\vendor_perl;C:\Users\Arthur Kaul\.webclipse\git-bash\usr\bin\core_perl
10 verbose lifecycle ArchRef@0.0.0~start: CWD: C:\Users\Arthur Kaul\git\archref\ArchRefClient\ArchRefClient
11 silly lifecycle ArchRef@0.0.0~start: Args: [ '/d /s /c', 'ng serve --proxy-config proxy.conf.json' ]
12 silly lifecycle ArchRef@0.0.0~start: Returned: code: 1  signal: null
13 info lifecycle ArchRef@0.0.0~start: Failed to exec start script
14 verbose stack Error: ArchRef@0.0.0 start: `ng serve --proxy-config proxy.conf.json`
14 verbose stack Exit status 1
14 verbose stack     at EventEmitter.<anonymous> (C:\Users\Arthur Kaul\.webclipse\npm\3.10.10\lib\utils\lifecycle.js:255:16)
14 verbose stack     at emitTwo (events.js:106:13)
14 verbose stack     at EventEmitter.emit (events.js:194:7)
14 verbose stack     at ChildProcess.<anonymous> (C:\Users\Arthur Kaul\.webclipse\npm\3.10.10\lib\utils\spawn.js:40:14)
14 verbose stack     at emitTwo (events.js:106:13)
14 verbose stack     at ChildProcess.emit (events.js:194:7)
14 verbose stack     at maybeClose (internal/child_process.js:899:16)
14 verbose stack     at Process.ChildProcess._handle.onexit (internal/child_process.js:226:5)
15 verbose pkgid ArchRef@0.0.0
16 verbose cwd C:\Users\Arthur Kaul\git\archref\ArchRefClient\ArchRefClient
17 error Windows_NT 10.0.15063
18 error argv "C:\\Users\\Arthur Kaul\\.webclipse\\nodejs\\7.9.0\\node.exe" "C:\\Users\\Arthur Kaul\\.webclipse\\npm\\3.10.10\\bin\\npm-cli.js" "start"
19 error node v7.9.0
20 error npm  v3.10.10
21 error code ELIFECYCLE
22 error ArchRef@0.0.0 start: `ng serve --proxy-config proxy.conf.json`
22 error Exit status 1
23 error Failed at the ArchRef@0.0.0 start script 'ng serve --proxy-config proxy.conf.json'.
23 error Make sure you have the latest version of node.js and npm installed.
23 error If you do, this is most likely a problem with the ArchRef package,
23 error not with npm itself.
23 error Tell the author that this fails on your system:
23 error     ng serve --proxy-config proxy.conf.json
23 error You can get information on how to open an issue for this project with:
23 error     npm bugs ArchRef
23 error Or if that isn't available, you can get their info via:
23 error     npm owner ls ArchRef
23 error There is likely additional logging output above.
24 verbose exit [ 1, true ]
